<?xml version="1.0" encoding="UTF-8"?>
<!-- Generated by org.testng.reporters.JUnitReportReporter -->
<testsuite hostname="DESKTOP-5TIF6EU" failures="0" tests="1" name="com.Uber.DataDrivenUber" time="0.000" errors="0" timestamp="2021-11-05T21:04:50 IST" skipped="1">
  <testcase classname="com.Uber.DataDrivenUber" name="Uber" time="0.000">
    <skipped/>
  </testcase> <!-- Uber -->
  <system-out/>
</testsuite> <!-- com.Uber.DataDrivenUber -->
