<?xml version="1.0" encoding="UTF-8"?>
<!-- Generated by org.testng.reporters.JUnitReportReporter -->
<testsuite hostname="DESKTOP-5TIF6EU" failures="0" tests="1" name="pom.TestLoginPage" time="16.198" errors="0" timestamp="2021-10-28T15:14:41 IST" skipped="0">
  <testcase classname="pom.TestLoginPage" name="logintest" time="16.198"/>
  <system-out/>
</testsuite> <!-- pom.TestLoginPage -->
