<?xml version="1.0" encoding="UTF-8"?>
<!-- Generated by org.testng.reporters.JUnitReportReporter -->
<testsuite hostname="DESKTOP-5TIF6EU" failures="0" tests="1" name="com.groww.TestClass" time="8.319" errors="0" timestamp="2021-10-28T14:59:45 IST" skipped="0">
  <testcase classname="com.groww.TestClass" name="test" time="8.319"/>
  <system-out/>
</testsuite> <!-- com.groww.TestClass -->
