<?xml version="1.0" encoding="UTF-8"?>
<!-- Generated by org.testng.reporters.JUnitReportReporter -->
<testsuite hostname="DESKTOP-5TIF6EU" failures="0" tests="13" name="com.test.TestNGFeatures" time="0.056" errors="0" timestamp="2021-10-28T22:38:32 IST" skipped="1">
  <testcase classname="com.test.TestNGFeatures" name="login" time="0.018"/>
  <system-out/>
  <testcase classname="com.test.TestNGFeatures" name="homepage" time="0.005"/>
  <system-out/>
  <testcase classname="com.test.TestNGFeatures" name="sum" time="0.002"/>
  <system-out/>
  <testcase classname="com.test.TestNGFeatures" name="sum" time="0.002"/>
  <system-out/>
  <testcase classname="com.test.TestNGFeatures" name="sum" time="0.005"/>
  <system-out/>
  <testcase classname="com.test.TestNGFeatures" name="sum" time="0.001"/>
  <system-out/>
  <testcase classname="com.test.TestNGFeatures" name="sum" time="0.006"/>
  <system-out/>
  <testcase classname="com.test.TestNGFeatures" name="sum" time="0.002"/>
  <system-out/>
  <testcase classname="com.test.TestNGFeatures" name="sum" time="0.003"/>
  <system-out/>
  <testcase classname="com.test.TestNGFeatures" name="sum" time="0.007"/>
  <system-out/>
  <testcase classname="com.test.TestNGFeatures" name="sum" time="0.003"/>
  <system-out/>
  <testcase classname="com.test.TestNGFeatures" name="sum" time="0.002"/>
  <system-out/>
  <testcase classname="com.test.TestNGFeatures" name="infiniteloop">
    <skipped/>
  </testcase> <!-- infiniteloop -->
  <system-out/>
</testsuite> <!-- com.test.TestNGFeatures -->
