<?xml version="1.0" encoding="UTF-8"?>
<!-- Generated by org.testng.reporters.JUnitReportReporter -->
<testsuite hostname="DESKTOP-5TIF6EU" failures="0" tests="1" name="pom.TestHomePage" time="35.093" errors="0" timestamp="2021-10-28T15:11:50 IST" skipped="0">
  <testcase classname="pom.TestHomePage" name="homepage" time="35.093"/>
  <system-out/>
</testsuite> <!-- pom.TestHomePage -->
