<?xml version="1.0" encoding="UTF-8"?>
<!-- Generated by org.testng.reporters.JUnitReportReporter -->
<testsuite hostname="DESKTOP-5TIF6EU" failures="0" tests="4" name="testingUber.DataDrivenUber" time="14.078" errors="0" timestamp="2021-10-29T15:24:59 IST" skipped="0">
  <testcase classname="testingUber.DataDrivenUber" name="Uber" time="3.706"/>
  <system-out/>
  <testcase classname="testingUber.DataDrivenUber" name="Uber" time="2.136"/>
  <system-out/>
  <testcase classname="testingUber.DataDrivenUber" name="Uber" time="6.958"/>
  <system-out/>
  <testcase classname="testingUber.DataDrivenUber" name="Uber" time="1.278"/>
  <system-out/>
</testsuite> <!-- testingUber.DataDrivenUber -->
