<?xml version="1.0" encoding="UTF-8"?>
<!-- Generated by org.testng.reporters.JUnitReportReporter -->
<testsuite hostname="DESKTOP-5TIF6EU" failures="0" tests="1" name="com.datadriven.test.Testclass" time="0.000" errors="0" timestamp="2021-10-20T16:10:07 IST" skipped="1">
  <testcase classname="com.datadriven.test.Testclass" name="ebayregister" time="0.000">
    <skipped/>
  </testcase> <!-- ebayregister -->
  <system-out/>
</testsuite> <!-- com.datadriven.test.Testclass -->
