<?xml version="1.0" encoding="UTF-8"?>
<!-- Generated by org.testng.reporters.JUnitReportReporter -->
<testsuite hostname="DESKTOP-5TIF6EU" failures="0" tests="4" name="com.test.GoogleTest" time="76.541" errors="0" timestamp="2021-10-29T12:45:38 IST" skipped="0">
  <testcase classname="com.test.GoogleTest" name="googletitle" time="19.293"/>
  <system-out/>
  <testcase classname="com.test.GoogleTest" name="logotest" time="21.267"/>
  <system-out/>
  <testcase classname="com.test.GoogleTest" name="maillink" time="17.059"/>
  <system-out/>
  <testcase classname="com.test.GoogleTest" name="test1" time="18.922"/>
  <system-out/>
</testsuite> <!-- com.test.GoogleTest -->
