<?xml version="1.0" encoding="UTF-8"?>
<!-- Generated by org.testng.reporters.JUnitReportReporter -->
<testsuite hostname="DESKTOP-5TIF6EU" failures="0" tests="2" name="com.test.TestNGBasic" time="0.029" errors="0" timestamp="2021-10-28T22:32:25 IST" skipped="0">
  <testcase classname="com.test.TestNGBasic" name="title" time="0.009"/>
  <system-out/>
  <testcase classname="com.test.TestNGBasic" name="searchtest" time="0.020"/>
  <system-out/>
</testsuite> <!-- com.test.TestNGBasic -->
