<?xml version="1.0" encoding="UTF-8"?>
<!-- Generated by org.testng.reporters.JUnitReportReporter -->
<testsuite hostname="DESKTOP-5TIF6EU" failures="0" tests="1" name="com.paramters.ParameterTest" time="17.563" errors="0" timestamp="2021-10-27T12:21:42 IST" skipped="0">
  <testcase classname="com.paramters.ParameterTest" name="logintest" time="17.563"/>
  <system-out/>
</testsuite> <!-- com.paramters.ParameterTest -->
